-------------------------------------------------------------------------------
Test set: com.ahold.commerce.component.controller.ControllerTest
-------------------------------------------------------------------------------
Tests run: 1, Failures: 0, Errors: 1, Skipped: 0, Time elapsed: 3.913 s <<< FAILURE! - in com.ahold.commerce.component.controller.ControllerTest
com.ahold.commerce.component.controller.ControllerTest  Time elapsed: 3.912 s  <<< ERROR!
java.lang.IllegalStateException: Unable to find a @SpringBootConfiguration, you need to use @ContextConfiguration or @SpringBootTest(classes=...) with your test

