<?xml version="1.0" encoding="UTF-8"?>
<testsuite xmlns:xsi="http://www.w3.org/2001/XMLSchema-instance" xsi:noNamespaceSchemaLocation="https://maven.apache.org/surefire/maven-surefire-plugin/xsd/surefire-test-report.xsd" name="com.tcs.service.component.ServiceTest" time="14.843" tests="2" errors="0" skipped="0" failures="0">
  <properties>
[...]
</properties>
  <testcase name="should return model list" classname="com.tcs.service.component.ServiceTest" time="0.138"/>
  <testcase name="should return model object" classname="com.tcs.service.component.ServiceTest" time="0.192"/>
</testsuite>